10:16:21.987 [main] INFO  com.solvd.laba.block1.task2.block1.task2.Node.Main - Continue with the selected option: 3
10:38:29.119 [main] INFO  com.solvd.laba.block1.task2.block1.task2.Node.Main - Continue with the selected option: 4
11:54:57.107 [main] ERROR com.solvd.laba.block1.task2.block1.task2.ComputerRepair - There is no item: Does not start
17:38:52.444 [main] ERROR com.solvd.laba.block1.task2.block1.task2.ComputerRepair - No such diagnose: Does not start
12:12:52.366 [main] WARN  com.solvd.laba.block1.task2.block1.task2.ComputerRepair - Issue: Overheat
12:12:52.368 [main] WARN  com.solvd.laba.block1.task2.block1.task2.ComputerRepair - diagnosis: need to change cable
12:15:17.072 [main] WARN  com.solvd.laba.block1.task2.block1.task2.ComputerRepair - Issue: Overheat
12:15:17.074 [main] WARN  com.solvd.laba.block1.task2.block1.task2.ComputerRepair - Diagnosis: need to change cable
12:15:17.075 [main] INFO  com.solvd.laba.block1.task2.block1.task2.ComputerRepair - Cost: 50.0
12:15:58.485 [main] WARN  com.solvd.laba.block1.task2.block1.task2.ComputerRepair - Issue: Overheat
12:15:58.487 [main] WARN  com.solvd.laba.block1.task2.block1.task2.ComputerRepair - Diagnosis: need to change cable
12:15:58.488 [main] INFO  com.solvd.laba.block1.task2.block1.task2.ComputerRepair - Cost: 50.0
12:18:59.375 [main] WARN  ComputerRepair - Issue: Overheat
12:18:59.376 [main] WARN  ComputerRepair - Diagnosis: need to change cable
12:18:59.377 [main] INFO  ComputerRepair - Cost: 50.0
12:19:36 [main] WARN  ComputerRepair - Issue: Overheat
12:19:36 [main] WARN  ComputerRepair - Diagnosis: need to change cable
12:19:36 [main] INFO  ComputerRepair - Cost: 50.0
12:29:10 [main] INFO  ComputerRepair - Issue: Overheat
12:29:10 [main] INFO  ComputerRepair - Diagnosis: need to change cable
12:31:19 [main] INFO  ComputerRepair - Issue: Does not start
12:31:19 [main] INFO  ComputerRepair - Diagnosis: Does not start
12:31:40 [main] INFO  ComputerRepair - Issue: Overheat
12:31:40 [main] INFO  ComputerRepair - Diagnosis: need to change cable
12:31:40 [main] INFO  ComputerRepair - Cost: 50.0
12:38:17 [main] INFO  ComputerRepair - Issue: Overheat
12:38:17 [main] INFO  ComputerRepair - Diagnosis: need to change cable
12:38:17 [main] INFO  ComputerRepair - Cost: 50.0
13:10:57 [main] INFO  ComputerRepair - Issue: Overheat
13:10:57 [main] INFO  ComputerRepair - Diagnosis: need to change cable
13:10:57 [main] INFO  ComputerRepair - Cost: 50.0
13:32:07 [main] INFO  ComputerRepair - Issue: Overheat
13:32:07 [main] INFO  ComputerRepair - Diagnosis: need to change cable
13:32:07 [main] INFO  ComputerRepair - Cost: 50.0
13:32:43 [main] INFO  ComputerRepair - Issue: Overheat
13:32:43 [main] INFO  ComputerRepair - Diagnosis: need to change cable
13:32:43 [main] INFO  ComputerRepair - Cost: 50.0
13:33:54 [main] INFO  ComputerRepair - Issue: Overheat
13:33:54 [main] INFO  ComputerRepair - Diagnosis: need to change cable
13:33:54 [main] INFO  ComputerRepair - Cost: 50.0
13:36:41 [main] INFO  ComputerRepair - Issue: Overheat
13:36:41 [main] INFO  ComputerRepair - Diagnosis: need to change cable
13:36:41 [main] INFO  ComputerRepair - Cost: 50.0
13:38:16 [main] INFO  ComputerRepair - Issue: Overheat
13:38:16 [main] INFO  ComputerRepair - Diagnosis: need to change cable
13:38:16 [main] INFO  ComputerRepair - Cost: 50.0
13:58:22 [main] INFO  ComputerRepair - Issue: Overheat
13:58:22 [main] INFO  ComputerRepair - Diagnosis: need to change cable
13:58:22 [main] INFO  ComputerRepair - Cost: 50.0
14:00:41 [main] INFO  ComputerRepair - Issue: Overheat
14:00:41 [main] INFO  ComputerRepair - Diagnosis: need to change cable
14:00:41 [main] INFO  ComputerRepair - Cost: 50.0
15:08:06 [main] INFO  ComputerRepair - Issue: Overheat
15:08:06 [main] INFO  ComputerRepair - Diagnosis: need to change cable
15:08:06 [main] INFO  ComputerRepair - Cost: 50.0
15:10:55 [main] INFO  ComputerRepair - Issue: Overheat
15:10:55 [main] INFO  ComputerRepair - Diagnosis: need to change cable
15:10:55 [main] INFO  ComputerRepair - Cost: 50.0
16:07:41 [main] INFO  ComputerRepair - Issue: Overheat
16:07:41 [main] INFO  ComputerRepair - Diagnosis: need to change cable
16:07:41 [main] INFO  ComputerRepair - Cost: 50.0
16:07:51 [main] INFO  ComputerRepair - Issue: Overheat
16:07:51 [main] INFO  ComputerRepair - Diagnosis: need to change cable
16:07:51 [main] INFO  ComputerRepair - Cost: 50.0
16:14:01 [main] INFO  ComputerRepair - Issue: Broken Screen
16:14:01 [main] INFO  ComputerRepair - Diagnosis: need to change screen
16:14:01 [main] INFO  ComputerRepair - Cost: 75.0
16:14:06 [main] INFO  ComputerRepair - Issue: Overheat
16:14:06 [main] INFO  ComputerRepair - Diagnosis: need to change cable
16:14:06 [main] INFO  ComputerRepair - Cost: 50.0
16:15:00 [main] INFO  ComputerRepair - Issue: Overheat
16:15:00 [main] INFO  ComputerRepair - Diagnosis: need to change cable
16:15:00 [main] INFO  ComputerRepair - Cost: 50.0
16:15:05 [main] INFO  ComputerRepair - Issue: Overheat
16:15:05 [main] INFO  ComputerRepair - Diagnosis: need to change cable
16:15:05 [main] INFO  ComputerRepair - Cost: 50.0
16:56:52 [main] INFO  ComputerProblem - issue: Computer Power Does not work
16:56:52 [main] INFO  ComputerProblem - Diagnose:  need to change powersupply 
16:56:52 [main] INFO  ComputerProblem - ticket number: 1
16:59:06 [main] INFO  ComputerProblem - issue: Overheat
16:59:06 [main] INFO  ComputerProblem - Diagnose: need to change cable
16:59:06 [main] INFO  ComputerProblem - ticket number: 1
17:00:59 [main] INFO  ComputerProblem - issue: Overheat
17:00:59 [main] INFO  ComputerProblem - Diagnose: need to change cable
17:00:59 [main] INFO  ComputerProblem - ticket number: 1
17:02:17 [main] INFO  ComputerProblem - issue: Overheat
17:02:17 [main] INFO  ComputerProblem - Diagnose: need to change cable
17:02:17 [main] INFO  ComputerProblem - ticket number: 1
